<?xml version="1.0" encoding="UTF-8"?>
<!-- Generated by org.testng.reporters.JUnitReportReporter -->
<testsuite hostname="Anamul" failures="0" tests="4" name="numbereight.RegistrationPage" time="7.117" errors="0" timestamp="2022-04-23T15:10:32 BDT" skipped="0">
  <testcase classname="numbereight.RegistrationPage" name="emailPasswordSetup" time="0.386"/>
  <system-out/>
  <testcase classname="numbereight.RegistrationPage" name="personalInformationSetup" time="3.280"/>
  <system-out/>
  <testcase classname="numbereight.RegistrationPage" name="softwareLicense" time="1.419"/>
  <system-out/>
  <testcase classname="numbereight.RegistrationPage" name="registrationVerification" time="2.032"/>
  <system-out/>
</testsuite> <!-- numbereight.RegistrationPage -->
